timestamp: 2016-04-18T15:12:28.473000
CREATE TABLE auth_user(
    id INTEGER PRIMARY KEY AUTOINCREMENT,
    first_name CHAR(128),
    last_name CHAR(128),
    email CHAR(512),
    password CHAR(512),
    registration_key CHAR(512),
    reset_password_key CHAR(512),
    registration_id CHAR(512)
);
success!
timestamp: 2016-04-18T15:12:28.482000
CREATE TABLE auth_group(
    id INTEGER PRIMARY KEY AUTOINCREMENT,
    role CHAR(512),
    description TEXT
);
success!
timestamp: 2016-04-18T15:12:28.488000
CREATE TABLE auth_membership(
    id INTEGER PRIMARY KEY AUTOINCREMENT,
    user_id INTEGER REFERENCES auth_user (id) ON DELETE CASCADE  ,
    group_id INTEGER REFERENCES auth_group (id) ON DELETE CASCADE  
);
success!
timestamp: 2016-04-18T15:12:28.521000
CREATE TABLE auth_permission(
    id INTEGER PRIMARY KEY AUTOINCREMENT,
    group_id INTEGER REFERENCES auth_group (id) ON DELETE CASCADE  ,
    name CHAR(512),
    table_name CHAR(512),
    record_id INTEGER
);
success!
timestamp: 2016-04-18T15:12:28.529000
CREATE TABLE auth_event(
    id INTEGER PRIMARY KEY AUTOINCREMENT,
    time_stamp TIMESTAMP,
    client_ip CHAR(512),
    user_id INTEGER REFERENCES auth_user (id) ON DELETE CASCADE  ,
    origin CHAR(512),
    description TEXT
);
success!
timestamp: 2016-04-18T15:12:28.537000
CREATE TABLE auth_cas(
    id INTEGER PRIMARY KEY AUTOINCREMENT,
    user_id INTEGER REFERENCES auth_user (id) ON DELETE CASCADE  ,
    created_on TIMESTAMP,
    service CHAR(512),
    ticket CHAR(512),
    renew CHAR(1)
);
success!
timestamp: 2016-04-26T16:32:01.569000
ALTER TABLE auth_user ADD username CHAR(128);
success!
timestamp: 2016-04-26T16:40:28.908000
CREATE TABLE auth_user(
    id INTEGER PRIMARY KEY AUTOINCREMENT,
    first_name CHAR(128),
    last_name CHAR(128),
    email CHAR(512),
    username CHAR(128),
    password CHAR(512),
    registration_key CHAR(512),
    reset_password_key CHAR(512),
    registration_id CHAR(512)
);
success!
timestamp: 2016-04-26T16:40:28.919000
CREATE TABLE auth_group(
    id INTEGER PRIMARY KEY AUTOINCREMENT,
    role CHAR(512),
    description TEXT
);
success!
timestamp: 2016-04-26T16:40:28.927000
CREATE TABLE auth_membership(
    id INTEGER PRIMARY KEY AUTOINCREMENT,
    user_id INTEGER REFERENCES auth_user (id) ON DELETE CASCADE  ,
    group_id INTEGER REFERENCES auth_group (id) ON DELETE CASCADE  
);
success!
timestamp: 2016-04-26T16:40:28.936000
CREATE TABLE auth_permission(
    id INTEGER PRIMARY KEY AUTOINCREMENT,
    group_id INTEGER REFERENCES auth_group (id) ON DELETE CASCADE  ,
    name CHAR(512),
    table_name CHAR(512),
    record_id INTEGER
);
success!
timestamp: 2016-04-26T16:40:28.944000
CREATE TABLE auth_event(
    id INTEGER PRIMARY KEY AUTOINCREMENT,
    time_stamp TIMESTAMP,
    client_ip CHAR(512),
    user_id INTEGER REFERENCES auth_user (id) ON DELETE CASCADE  ,
    origin CHAR(512),
    description TEXT
);
success!
timestamp: 2016-04-26T16:40:28.952000
CREATE TABLE auth_cas(
    id INTEGER PRIMARY KEY AUTOINCREMENT,
    user_id INTEGER REFERENCES auth_user (id) ON DELETE CASCADE  ,
    created_on TIMESTAMP,
    service CHAR(512),
    ticket CHAR(512),
    renew CHAR(1)
);
success!
timestamp: 2016-05-11T16:05:06.042000
CREATE TABLE auth_user(
    id INT IDENTITY PRIMARY KEY,
    first_name VARCHAR(128) NULL,
    last_name VARCHAR(128) NULL,
    email VARCHAR(512) NULL,
    username VARCHAR(128) NULL,
    password VARCHAR(512) NULL,
    registration_key VARCHAR(512) NULL,
    reset_password_key VARCHAR(512) NULL,
    registration_id VARCHAR(512) NULL
);
success!
timestamp: 2016-05-11T16:05:06.058000
CREATE TABLE auth_group(
    id INT IDENTITY PRIMARY KEY,
    role VARCHAR(512) NULL,
    description VARCHAR(MAX) NULL
);
success!
timestamp: 2016-05-11T16:05:06.065000
CREATE TABLE auth_membership(
    id INT IDENTITY PRIMARY KEY,
    user_id INT  NULL , CONSTRAINT auth_membership_user_id__constraint FOREIGN KEY (user_id) REFERENCES auth_user (id) ON DELETE CASCADE,
    group_id INT  NULL , CONSTRAINT auth_membership_group_id__constraint FOREIGN KEY (group_id) REFERENCES auth_group (id) ON DELETE CASCADE
);
success!
timestamp: 2016-05-11T16:05:06.074000
CREATE TABLE auth_permission(
    id INT IDENTITY PRIMARY KEY,
    group_id INT  NULL , CONSTRAINT auth_permission_group_id__constraint FOREIGN KEY (group_id) REFERENCES auth_group (id) ON DELETE CASCADE,
    name VARCHAR(512) NULL,
    table_name VARCHAR(512) NULL,
    record_id INT NULL
);
success!
timestamp: 2016-05-11T16:05:06.082000
CREATE TABLE auth_event(
    id INT IDENTITY PRIMARY KEY,
    time_stamp DATETIME NULL,
    client_ip VARCHAR(512) NULL,
    user_id INT  NULL , CONSTRAINT auth_event_user_id__constraint FOREIGN KEY (user_id) REFERENCES auth_user (id) ON DELETE CASCADE,
    origin VARCHAR(512) NULL,
    description VARCHAR(MAX) NULL
);
success!
timestamp: 2016-05-11T16:05:06.091000
CREATE TABLE auth_cas(
    id INT IDENTITY PRIMARY KEY,
    user_id INT  NULL , CONSTRAINT auth_cas_user_id__constraint FOREIGN KEY (user_id) REFERENCES auth_user (id) ON DELETE CASCADE,
    created_on DATETIME NULL,
    service VARCHAR(512) NULL,
    ticket VARCHAR(512) NULL,
    renew BIT NULL
);
success!
timestamp: 2016-05-15T18:45:53.928000
CREATE TABLE auth_user(
    id INT IDENTITY PRIMARY KEY,
    first_name VARCHAR(128) NULL,
    last_name VARCHAR(128) NULL,
    email VARCHAR(512) NULL,
    username VARCHAR(128) NULL,
    password VARCHAR(512) NULL,
    registration_key VARCHAR(512) NULL,
    reset_password_key VARCHAR(512) NULL,
    registration_id VARCHAR(512) NULL
);
success!
timestamp: 2016-05-15T18:45:53.949000
CREATE TABLE auth_group(
    id INT IDENTITY PRIMARY KEY,
    role VARCHAR(512) NULL,
    description VARCHAR(MAX) NULL
);
success!
timestamp: 2016-05-15T18:45:53.967000
CREATE TABLE auth_membership(
    id INT IDENTITY PRIMARY KEY,
    user_id INT  NULL , CONSTRAINT auth_membership_user_id__constraint FOREIGN KEY (user_id) REFERENCES auth_user (id) ON DELETE CASCADE,
    group_id INT  NULL , CONSTRAINT auth_membership_group_id__constraint FOREIGN KEY (group_id) REFERENCES auth_group (id) ON DELETE CASCADE
);
success!
timestamp: 2016-05-15T18:45:53.985000
CREATE TABLE auth_permission(
    id INT IDENTITY PRIMARY KEY,
    group_id INT  NULL , CONSTRAINT auth_permission_group_id__constraint FOREIGN KEY (group_id) REFERENCES auth_group (id) ON DELETE CASCADE,
    name VARCHAR(512) NULL,
    table_name VARCHAR(512) NULL,
    record_id INT NULL
);
success!
timestamp: 2016-05-15T18:45:54.003000
CREATE TABLE auth_event(
    id INT IDENTITY PRIMARY KEY,
    time_stamp DATETIME NULL,
    client_ip VARCHAR(512) NULL,
    user_id INT  NULL , CONSTRAINT auth_event_user_id__constraint FOREIGN KEY (user_id) REFERENCES auth_user (id) ON DELETE CASCADE,
    origin VARCHAR(512) NULL,
    description VARCHAR(MAX) NULL
);
success!
timestamp: 2016-05-15T18:45:54.020000
CREATE TABLE auth_cas(
    id INT IDENTITY PRIMARY KEY,
    user_id INT  NULL , CONSTRAINT auth_cas_user_id__constraint FOREIGN KEY (user_id) REFERENCES auth_user (id) ON DELETE CASCADE,
    created_on DATETIME NULL,
    service VARCHAR(512) NULL,
    ticket VARCHAR(512) NULL,
    renew BIT NULL
);
success!
timestamp: 2016-05-30T22:12:58.416000
ALTER TABLE auth_user ADD chinesename VARCHAR(512) NULL;
timestamp: 2016-05-30T22:18:18.637000
ALTER TABLE auth_user ADD chinesename VARCHAR(512) NULL;
timestamp: 2016-05-30T22:19:42.879000
ALTER TABLE auth_user ADD chinesename VARCHAR(512) NULL;
success!
timestamp: 2016-06-05T19:44:04.297000
ALTER TABLE auth_user ADD chinesename VARCHAR(512) NULL;
timestamp: 2016-06-05T19:45:51.713000
ALTER TABLE auth_user ADD chinesename VARCHAR(512) NULL;
timestamp: 2016-06-05T19:54:06.675000
ALTER TABLE auth_user ADD chinesename VARCHAR(512) NULL;
timestamp: 2016-06-05T19:57:04.961000
ALTER TABLE auth_user ADD chinesename VARCHAR(512) NULL;
timestamp: 2016-06-05T19:57:05.929000
ALTER TABLE auth_user ADD chinesename VARCHAR(512) NULL;
timestamp: 2016-06-05T19:58:41.552000
ALTER TABLE auth_user ADD chinesename VARCHAR(512) NULL;
timestamp: 2016-06-05T20:02:44.350000
ALTER TABLE auth_user ADD chinesename VARCHAR(512) NULL;
timestamp: 2016-06-05T20:05:29.373000
ALTER TABLE auth_user ADD chinesename VARCHAR(512) NULL;
timestamp: 2016-06-05T20:05:30.479000
ALTER TABLE auth_user ADD chinesename VARCHAR(512) NULL;
<<<<<<< HEAD
timestamp: 2016-06-06T19:06:19.641000
=======
timestamp: 2016-06-05T20:28:37.287000
ALTER TABLE auth_user DROP COLUMN chinesename;
success!
timestamp: 2016-06-05T21:25:16.390000
ALTER TABLE auth_user ADD chinesename VARCHAR(512) NULL;
timestamp: 2016-06-05T21:25:34.644000
ALTER TABLE auth_user ADD chinesename VARCHAR(512) NULL;
timestamp: 2016-06-05T21:25:40.812000
ALTER TABLE auth_user ADD chinesename VARCHAR(512) NULL;
timestamp: 2016-06-05T21:26:07.983000
ALTER TABLE auth_user ADD chinesename VARCHAR(512) NULL;
timestamp: 2016-06-05T21:26:11.597000
ALTER TABLE auth_user ADD chinesename VARCHAR(512) NULL;
timestamp: 2016-06-05T21:26:21.283000
ALTER TABLE auth_user ADD chinesename VARCHAR(512) NULL;
timestamp: 2016-06-05T21:27:00.947000
>>>>>>> branch 'master' of https://github.com/thinkvisionjin/bidding.git
ALTER TABLE auth_user ADD chinesename VARCHAR(512) NULL;
success!
timestamp: 2016-06-07T20:49:18.136000
ALTER TABLE auth_user ADD chinesename VARCHAR(512) NULL;
timestamp: 2016-06-07T20:51:55.849000
ALTER TABLE auth_user ADD chinesename VARCHAR(512) NULL;
timestamp: 2016-06-07T20:52:37.595000
ALTER TABLE auth_user ADD chinesename VARCHAR(512) NULL;
success!
<<<<<<< HEAD
timestamp: 2016-06-10T22:32:33.583000
CREATE TABLE auth_user(
    id INT IDENTITY PRIMARY KEY,
    first_name VARCHAR(128) NULL,
    last_name VARCHAR(128) NULL,
    email VARCHAR(512) NULL,
    username VARCHAR(128) NULL,
    password VARCHAR(512) NULL,
    registration_key VARCHAR(512) NULL,
    reset_password_key VARCHAR(512) NULL,
    registration_id VARCHAR(512) NULL,
    chinesename VARCHAR(512) NULL
);
timestamp: 2016-06-10T22:33:19.278000
CREATE TABLE auth_user(
    id INT IDENTITY PRIMARY KEY,
    first_name VARCHAR(128) NULL,
    last_name VARCHAR(128) NULL,
    email VARCHAR(512) NULL,
    username VARCHAR(128) NULL,
    password VARCHAR(512) NULL,
    registration_key VARCHAR(512) NULL,
    reset_password_key VARCHAR(512) NULL,
    registration_id VARCHAR(512) NULL,
    chinesename VARCHAR(512) NULL
);
timestamp: 2016-06-10T22:35:16.436000
CREATE TABLE auth_user(
    id INT IDENTITY PRIMARY KEY,
    first_name VARCHAR(128) NULL,
    last_name VARCHAR(128) NULL,
    email VARCHAR(512) NULL,
    username VARCHAR(128) NULL,
    password VARCHAR(512) NULL,
    registration_key VARCHAR(512) NULL,
    reset_password_key VARCHAR(512) NULL,
    registration_id VARCHAR(512) NULL,
    chinesename VARCHAR(512) NULL
);
timestamp: 2016-06-10T22:36:15.844000
CREATE TABLE auth_user(
    id INT IDENTITY PRIMARY KEY,
    first_name VARCHAR(128) NULL,
    last_name VARCHAR(128) NULL,
    email VARCHAR(512) NULL,
    username VARCHAR(128) NULL,
    password VARCHAR(512) NULL,
    registration_key VARCHAR(512) NULL,
    reset_password_key VARCHAR(512) NULL,
    registration_id VARCHAR(512) NULL,
    chinesename VARCHAR(512) NULL
);
timestamp: 2016-06-10T22:38:52.755000
CREATE TABLE auth_user(
    id INT IDENTITY PRIMARY KEY,
    first_name VARCHAR(128) NULL,
    last_name VARCHAR(128) NULL,
    email VARCHAR(512) NULL,
    username VARCHAR(128) NULL,
    password VARCHAR(512) NULL,
    registration_key VARCHAR(512) NULL,
    reset_password_key VARCHAR(512) NULL,
    registration_id VARCHAR(512) NULL,
    chinesename VARCHAR(512) NULL
);
timestamp: 2016-06-10T22:40:53.475000
CREATE TABLE auth_user(
    id INT IDENTITY PRIMARY KEY,
    first_name VARCHAR(128) NULL,
    last_name VARCHAR(128) NULL,
    email VARCHAR(512) NULL,
    username VARCHAR(128) NULL,
    password VARCHAR(512) NULL,
    registration_key VARCHAR(512) NULL,
    reset_password_key VARCHAR(512) NULL,
    registration_id VARCHAR(512) NULL
);
timestamp: 2016-06-10T22:43:33.347000
CREATE TABLE auth_user(
    id INT IDENTITY PRIMARY KEY,
    first_name VARCHAR(128) NULL,
    last_name VARCHAR(128) NULL,
    email VARCHAR(512) NULL,
    username VARCHAR(128) NULL,
    password VARCHAR(512) NULL,
    registration_key VARCHAR(512) NULL,
    reset_password_key VARCHAR(512) NULL,
    registration_id VARCHAR(512) NULL
);
timestamp: 2016-06-10T22:45:18.231000
CREATE TABLE auth_user(
    id INT IDENTITY PRIMARY KEY,
    first_name VARCHAR(128) NULL,
    last_name VARCHAR(128) NULL,
    email VARCHAR(512) NULL,
    username VARCHAR(128) NULL,
    password VARCHAR(512) NULL,
    registration_key VARCHAR(512) NULL,
    reset_password_key VARCHAR(512) NULL,
    registration_id VARCHAR(512) NULL,
    chinesename VARCHAR(512) NULL
);
timestamp: 2016-06-10T22:46:01.247000
CREATE TABLE auth_user(
    id INT IDENTITY PRIMARY KEY,
    first_name VARCHAR(128) NULL,
    last_name VARCHAR(128) NULL,
    email VARCHAR(512) NULL,
    username VARCHAR(128) NULL,
    password VARCHAR(512) NULL,
    registration_key VARCHAR(512) NULL,
    reset_password_key VARCHAR(512) NULL,
    registration_id VARCHAR(512) NULL,
    chinesename VARCHAR(512) NULL
);
timestamp: 2016-06-10T22:46:56.158000
CREATE TABLE auth_user(
    id INT IDENTITY PRIMARY KEY,
    first_name VARCHAR(128) NULL,
    last_name VARCHAR(128) NULL,
    email VARCHAR(512) NULL,
    username VARCHAR(128) NULL,
    password VARCHAR(512) NULL,
    registration_key VARCHAR(512) NULL,
    reset_password_key VARCHAR(512) NULL,
    registration_id VARCHAR(512) NULL,
    chinesename VARCHAR(512) NULL
);
timestamp: 2016-06-10T22:47:27.981000
CREATE TABLE auth_user(
    id INT IDENTITY PRIMARY KEY,
    first_name VARCHAR(128) NULL,
    last_name VARCHAR(128) NULL,
    email VARCHAR(512) NULL,
    username VARCHAR(128) NULL,
    password VARCHAR(512) NULL,
    registration_key VARCHAR(512) NULL,
    reset_password_key VARCHAR(512) NULL,
    registration_id VARCHAR(512) NULL,
    chinesename VARCHAR(512) NULL
);
timestamp: 2016-06-10T22:48:32.569000
CREATE TABLE auth_user(
    id INT IDENTITY PRIMARY KEY,
    first_name VARCHAR(128) NULL,
    last_name VARCHAR(128) NULL,
    email VARCHAR(512) NULL,
    username VARCHAR(128) NULL,
    password VARCHAR(512) NULL,
    registration_key VARCHAR(512) NULL,
    reset_password_key VARCHAR(512) NULL,
    registration_id VARCHAR(512) NULL,
    chinesename VARCHAR(512) NULL
);
timestamp: 2016-06-10T22:50:48.285000
CREATE TABLE auth_user(
    id INT IDENTITY PRIMARY KEY,
    first_name VARCHAR(128) NULL,
    last_name VARCHAR(128) NULL,
    email VARCHAR(512) NULL,
    username VARCHAR(128) NULL,
    password VARCHAR(512) NULL,
    registration_key VARCHAR(512) NULL,
    reset_password_key VARCHAR(512) NULL,
    registration_id VARCHAR(512) NULL,
    chinesename VARCHAR(512) NULL
);
timestamp: 2016-06-10T22:52:49.931000
CREATE TABLE auth_user(
    id INT IDENTITY PRIMARY KEY,
    first_name VARCHAR(128) NULL,
    last_name VARCHAR(128) NULL,
    email VARCHAR(512) NULL,
    username VARCHAR(128) NULL,
    password VARCHAR(512) NULL,
    registration_key VARCHAR(512) NULL,
    reset_password_key VARCHAR(512) NULL,
    registration_id VARCHAR(512) NULL,
    chinesename VARCHAR(512) NULL
);
timestamp: 2016-06-10T22:54:47.608000
CREATE TABLE auth_user(
    id INT IDENTITY PRIMARY KEY,
    first_name VARCHAR(128) NULL,
    last_name VARCHAR(128) NULL,
    email VARCHAR(512) NULL,
    username VARCHAR(128) NULL,
    password VARCHAR(512) NULL,
    registration_key VARCHAR(512) NULL,
    reset_password_key VARCHAR(512) NULL,
    registration_id VARCHAR(512) NULL,
    chinesename VARCHAR(512) NULL
);
timestamp: 2016-06-10T22:56:02.373000
CREATE TABLE auth_user(
    id INT IDENTITY PRIMARY KEY,
    first_name VARCHAR(128) NULL,
    last_name VARCHAR(128) NULL,
    email VARCHAR(512) NULL,
    username VARCHAR(128) NULL,
    password VARCHAR(512) NULL,
    registration_key VARCHAR(512) NULL,
    reset_password_key VARCHAR(512) NULL,
    registration_id VARCHAR(512) NULL,
    chinesename VARCHAR(512) NULL
);
timestamp: 2016-06-10T22:59:38.692000
CREATE TABLE auth_user(
    id INT IDENTITY PRIMARY KEY,
    first_name VARCHAR(128) NULL,
    last_name VARCHAR(128) NULL,
    email VARCHAR(512) NULL,
    username VARCHAR(128) NULL,
    password VARCHAR(512) NULL,
    registration_key VARCHAR(512) NULL,
    reset_password_key VARCHAR(512) NULL,
    registration_id VARCHAR(512) NULL,
    chinesename VARCHAR(512) NULL
);
timestamp: 2016-06-10T22:59:59.411000
CREATE TABLE auth_user(
    id INT IDENTITY PRIMARY KEY,
    first_name VARCHAR(128) NULL,
    last_name VARCHAR(128) NULL,
    email VARCHAR(512) NULL,
    username VARCHAR(128) NULL,
    password VARCHAR(512) NULL,
    registration_key VARCHAR(512) NULL,
    reset_password_key VARCHAR(512) NULL,
    registration_id VARCHAR(512) NULL,
    chinesename VARCHAR(512) NULL
);
timestamp: 2016-06-10T23:05:14.305000
=======
timestamp: 2016-06-11T08:28:17.388000
CREATE TABLE auth_user(
    id INT IDENTITY PRIMARY KEY,
    first_name VARCHAR(128) NULL,
    last_name VARCHAR(128) NULL,
    email VARCHAR(512) NULL,
    username VARCHAR(128) NULL,
    password VARCHAR(512) NULL,
    registration_key VARCHAR(512) NULL,
    reset_password_key VARCHAR(512) NULL,
    registration_id VARCHAR(512) NULL,
    chinesename VARCHAR(512) NULL
);
timestamp: 2016-06-11T08:28:49.193000
CREATE TABLE auth_user(
    id INT IDENTITY PRIMARY KEY,
    first_name VARCHAR(128) NULL,
    last_name VARCHAR(128) NULL,
    email VARCHAR(512) NULL,
    username VARCHAR(128) NULL,
    password VARCHAR(512) NULL,
    registration_key VARCHAR(512) NULL,
    reset_password_key VARCHAR(512) NULL,
    registration_id VARCHAR(512) NULL
);
timestamp: 2016-06-11T08:29:23.938000
CREATE TABLE auth_user(
    id INT IDENTITY PRIMARY KEY,
    first_name VARCHAR(128) NULL,
    last_name VARCHAR(128) NULL,
    email VARCHAR(512) NULL,
    username VARCHAR(128) NULL,
    password VARCHAR(512) NULL,
    registration_key VARCHAR(512) NULL,
    reset_password_key VARCHAR(512) NULL,
    registration_id VARCHAR(512) NULL,
    chinesename VARCHAR(512) NULL
);
timestamp: 2016-06-11T08:29:35.073000
CREATE TABLE auth_user(
    id INT IDENTITY PRIMARY KEY,
    first_name VARCHAR(128) NULL,
    last_name VARCHAR(128) NULL,
    email VARCHAR(512) NULL,
    username VARCHAR(128) NULL,
    password VARCHAR(512) NULL,
    registration_key VARCHAR(512) NULL,
    reset_password_key VARCHAR(512) NULL,
    registration_id VARCHAR(512) NULL,
    chinesename VARCHAR(512) NULL
);
timestamp: 2016-06-11T08:30:13.769000
CREATE TABLE auth_user(
    id INT IDENTITY PRIMARY KEY,
    first_name VARCHAR(128) NULL,
    last_name VARCHAR(128) NULL,
    email VARCHAR(512) NULL,
    username VARCHAR(128) NULL,
    password VARCHAR(512) NULL,
    registration_key VARCHAR(512) NULL,
    reset_password_key VARCHAR(512) NULL,
    registration_id VARCHAR(512) NULL,
    chinesename VARCHAR(512) NULL
);
timestamp: 2016-06-11T08:30:17.870000
CREATE TABLE auth_user(
    id INT IDENTITY PRIMARY KEY,
    first_name VARCHAR(128) NULL,
    last_name VARCHAR(128) NULL,
    email VARCHAR(512) NULL,
    username VARCHAR(128) NULL,
    password VARCHAR(512) NULL,
    registration_key VARCHAR(512) NULL,
    reset_password_key VARCHAR(512) NULL,
    registration_id VARCHAR(512) NULL,
    chinesename VARCHAR(512) NULL
);
timestamp: 2016-06-11T08:31:08.230000
CREATE TABLE auth_user(
    id INT IDENTITY PRIMARY KEY,
    first_name VARCHAR(128) NULL,
    last_name VARCHAR(128) NULL,
    email VARCHAR(512) NULL,
    username VARCHAR(128) NULL,
    password VARCHAR(512) NULL,
    registration_key VARCHAR(512) NULL,
    reset_password_key VARCHAR(512) NULL,
    registration_id VARCHAR(512) NULL,
    chinesename VARCHAR(512) NULL
);
timestamp: 2016-06-11T08:32:21.832000
CREATE TABLE auth_user(
    id INT IDENTITY PRIMARY KEY,
    first_name VARCHAR(128) NULL,
    last_name VARCHAR(128) NULL,
    email VARCHAR(512) NULL,
    password VARCHAR(512) NULL,
    registration_key VARCHAR(512) NULL,
    reset_password_key VARCHAR(512) NULL,
    registration_id VARCHAR(512) NULL,
    chinesename VARCHAR(512) NULL
);
timestamp: 2016-06-11T08:34:39.114000
>>>>>>> branch 'master' of https://github.com/thinkvisionjin/bidding.git
CREATE TABLE auth_user(
    id INT IDENTITY PRIMARY KEY,
    first_name VARCHAR(128) NULL,
    last_name VARCHAR(128) NULL,
    email VARCHAR(512) NULL,
    username VARCHAR(128) NULL,
    password VARCHAR(512) NULL,
    registration_key VARCHAR(512) NULL,
    reset_password_key VARCHAR(512) NULL,
    registration_id VARCHAR(512) NULL,
    chinesename VARCHAR(512) NULL
);
